2014/10/28 13:30:05 [error] [php] Undefined variable: route_id (/home/admin/nginx/html/yii2/demos/blog/protected/views/diary/add.php:46)
Stack trace:
#0 /home/admin/nginx/html/yii2/framework/web/CController.php(869): DiaryController->renderFile()
#1 /home/admin/nginx/html/yii2/framework/web/CController.php(782): DiaryController->renderPartial()
#2 /home/admin/nginx/html/yii2/demos/blog/protected/controllers/DiaryController.php(73): DiaryController->render()
#3 /home/admin/nginx/html/yii2/framework/web/actions/CInlineAction.php(49): DiaryController->actionAdd()
#4 /home/admin/nginx/html/yii2/framework/web/CController.php(308): CInlineAction->runWithParams()
#5 /home/admin/nginx/html/yii2/framework/web/CController.php(286): DiaryController->runAction()
#6 /home/admin/nginx/html/yii2/framework/web/CController.php(265): DiaryController->runActionWithFilters()
#7 /home/admin/nginx/html/yii2/framework/web/CWebApplication.php(282): DiaryController->run()
#8 /home/admin/nginx/html/yii2/framework/web/CWebApplication.php(141): CWebApplication->runController()
#9 /home/admin/nginx/html/yii2/framework/base/CApplication.php(180): CWebApplication->processRequest()
#10 /home/admin/nginx/html/yii2/demos/blog/index.php(11): CWebApplication->run()
REQUEST_URI=/diary/add
2014/10/28 14:06:11 [error] [exception.CHttpException.404] exception 'CHttpException' with message 'The system is unable to find the requested action "save_content".' in /home/admin/nginx/html/yii2/framework/web/CController.php:483
Stack trace:
#0 /home/admin/nginx/html/yii2/framework/web/CController.php(270): CController->missingAction('save_content')
#1 /home/admin/nginx/html/yii2/framework/web/CWebApplication.php(282): CController->run('save_content')
#2 /home/admin/nginx/html/yii2/framework/web/CWebApplication.php(141): CWebApplication->runController('diary/save_cont...')
#3 /home/admin/nginx/html/yii2/framework/base/CApplication.php(180): CWebApplication->processRequest()
#4 /home/admin/nginx/html/yii2/demos/blog/index.php(11): CApplication->run()
#5 {main}
REQUEST_URI=/diary/save_content
HTTP_REFERER=http://121.199.53.139:8080/diary/add
---
2014/10/28 14:09:14 [error] [exception.CHttpException.404] exception 'CHttpException' with message 'The system is unable to find the requested action "save_content".' in /home/admin/nginx/html/yii2/framework/web/CController.php:483
Stack trace:
#0 /home/admin/nginx/html/yii2/framework/web/CController.php(270): CController->missingAction('save_content')
#1 /home/admin/nginx/html/yii2/framework/web/CWebApplication.php(282): CController->run('save_content')
#2 /home/admin/nginx/html/yii2/framework/web/CWebApplication.php(141): CWebApplication->runController('diary/save_cont...')
#3 /home/admin/nginx/html/yii2/framework/base/CApplication.php(180): CWebApplication->processRequest()
#4 /home/admin/nginx/html/yii2/demos/blog/index.php(11): CApplication->run()
#5 {main}
REQUEST_URI=/diary/save_content
HTTP_REFERER=http://121.199.53.139:8080/diary/add
---
2014/10/28 14:12:14 [error] [exception.CHttpException.404] exception 'CHttpException' with message 'The system is unable to find the requested action "save_content".' in /home/admin/nginx/html/yii2/framework/web/CController.php:483
Stack trace:
#0 /home/admin/nginx/html/yii2/framework/web/CController.php(270): CController->missingAction('save_content')
#1 /home/admin/nginx/html/yii2/framework/web/CWebApplication.php(282): CController->run('save_content')
#2 /home/admin/nginx/html/yii2/framework/web/CWebApplication.php(141): CWebApplication->runController('diary/save_cont...')
#3 /home/admin/nginx/html/yii2/framework/base/CApplication.php(180): CWebApplication->processRequest()
#4 /home/admin/nginx/html/yii2/demos/blog/index.php(11): CApplication->run()
#5 {main}
REQUEST_URI=/diary/save_content
HTTP_REFERER=http://121.199.53.139:8080/diary/add
---
2014/10/28 14:13:02 [error] [exception.CHttpException.404] exception 'CHttpException' with message 'The system is unable to find the requested action "save_content".' in /home/admin/nginx/html/yii2/framework/web/CController.php:483
Stack trace:
#0 /home/admin/nginx/html/yii2/framework/web/CController.php(270): CController->missingAction('save_content')
#1 /home/admin/nginx/html/yii2/framework/web/CWebApplication.php(282): CController->run('save_content')
#2 /home/admin/nginx/html/yii2/framework/web/CWebApplication.php(141): CWebApplication->runController('diary/save_cont...')
#3 /home/admin/nginx/html/yii2/framework/base/CApplication.php(180): CWebApplication->processRequest()
#4 /home/admin/nginx/html/yii2/demos/blog/index.php(11): CApplication->run()
#5 {main}
REQUEST_URI=/diary/save_content
HTTP_REFERER=http://121.199.53.139:8080/diary/add
---
2014/10/28 14:25:40 [error] [exception.CHttpException.404] exception 'CHttpException' with message 'The system is unable to find the requested action "add_content".' in /home/admin/nginx/html/yii2/framework/web/CController.php:483
Stack trace:
#0 /home/admin/nginx/html/yii2/framework/web/CController.php(270): CController->missingAction('add_content')
#1 /home/admin/nginx/html/yii2/framework/web/CWebApplication.php(282): CController->run('add_content')
#2 /home/admin/nginx/html/yii2/framework/web/CWebApplication.php(141): CWebApplication->runController('diary/add_conte...')
#3 /home/admin/nginx/html/yii2/framework/base/CApplication.php(180): CWebApplication->processRequest()
#4 /home/admin/nginx/html/yii2/demos/blog/index.php(11): CApplication->run()
#5 {main}
REQUEST_URI=/diary/add_content
HTTP_REFERER=http://121.199.53.139:8080/diary/add
---
2014/10/28 14:26:15 [error] [exception.CHttpException.404] exception 'CHttpException' with message 'The system is unable to find the requested action "add_content".' in /home/admin/nginx/html/yii2/framework/web/CController.php:483
Stack trace:
#0 /home/admin/nginx/html/yii2/framework/web/CController.php(270): CController->missingAction('add_content')
#1 /home/admin/nginx/html/yii2/framework/web/CWebApplication.php(282): CController->run('add_content')
#2 /home/admin/nginx/html/yii2/framework/web/CWebApplication.php(141): CWebApplication->runController('diary/add_conte...')
#3 /home/admin/nginx/html/yii2/framework/base/CApplication.php(180): CWebApplication->processRequest()
#4 /home/admin/nginx/html/yii2/demos/blog/index.php(11): CApplication->run()
#5 {main}
REQUEST_URI=/diary/add_content
HTTP_REFERER=http://121.199.53.139:8080/diary/add
---
2014/10/28 14:27:28 [error] [exception.CHttpException.404] exception 'CHttpException' with message 'The system is unable to find the requested action "add_content".' in /home/admin/nginx/html/yii2/framework/web/CController.php:483
Stack trace:
#0 /home/admin/nginx/html/yii2/framework/web/CController.php(270): CController->missingAction('add_content')
#1 /home/admin/nginx/html/yii2/framework/web/CWebApplication.php(282): CController->run('add_content')
#2 /home/admin/nginx/html/yii2/framework/web/CWebApplication.php(141): CWebApplication->runController('diary/add_conte...')
#3 /home/admin/nginx/html/yii2/framework/base/CApplication.php(180): CWebApplication->processRequest()
#4 /home/admin/nginx/html/yii2/demos/blog/index.php(11): CApplication->run()
#5 {main}
REQUEST_URI=/diary/add_content
HTTP_REFERER=http://121.199.53.139:8080/diary/add
---
2014/10/28 14:27:45 [error] [php] Undefined index: content (/home/admin/nginx/html/yii2/demos/blog/protected/controllers/DiaryController.php:94)
Stack trace:
#0 /home/admin/nginx/html/yii2/framework/web/CController.php(286): DiaryController->runAction()
#1 /home/admin/nginx/html/yii2/framework/web/CController.php(265): DiaryController->runActionWithFilters()
#2 /home/admin/nginx/html/yii2/framework/web/CWebApplication.php(282): DiaryController->run()
#3 /home/admin/nginx/html/yii2/framework/web/CWebApplication.php(141): CWebApplication->runController()
#4 /home/admin/nginx/html/yii2/framework/base/CApplication.php(180): CWebApplication->processRequest()
#5 /home/admin/nginx/html/yii2/demos/blog/index.php(11): CWebApplication->run()
REQUEST_URI=/diary/add_diary
2014/10/28 14:28:08 [error] [php] Undefined variable: port (/home/admin/nginx/html/yii2/demos/blog/protected/controllers/DiaryController.php:96)
Stack trace:
#0 /home/admin/nginx/html/yii2/framework/web/CController.php(286): DiaryController->runAction()
#1 /home/admin/nginx/html/yii2/framework/web/CController.php(265): DiaryController->runActionWithFilters()
#2 /home/admin/nginx/html/yii2/framework/web/CWebApplication.php(282): DiaryController->run()
#3 /home/admin/nginx/html/yii2/framework/web/CWebApplication.php(141): CWebApplication->runController()
#4 /home/admin/nginx/html/yii2/framework/base/CApplication.php(180): CWebApplication->processRequest()
#5 /home/admin/nginx/html/yii2/demos/blog/index.php(11): CWebApplication->run()
REQUEST_URI=/diary/add_diary
2014/10/28 14:32:35 [error] [php] Undefined index: portId (/home/admin/nginx/html/yii2/demos/blog/protected/controllers/DiaryController.php:58)
Stack trace:
#0 /home/admin/nginx/html/yii2/framework/web/CController.php(286): DiaryController->runAction()
#1 /home/admin/nginx/html/yii2/framework/web/CController.php(265): DiaryController->runActionWithFilters()
#2 /home/admin/nginx/html/yii2/framework/web/CWebApplication.php(282): DiaryController->run()
#3 /home/admin/nginx/html/yii2/framework/web/CWebApplication.php(141): CWebApplication->runController()
#4 /home/admin/nginx/html/yii2/framework/base/CApplication.php(180): CWebApplication->processRequest()
#5 /home/admin/nginx/html/yii2/demos/blog/index.php(11): CWebApplication->run()
REQUEST_URI=/diary/modify/diary_id/1
2014/10/28 14:59:37 [error] [php] Undefined index: diary_id (/home/admin/nginx/html/yii2/demos/blog/protected/controllers/DiaryController.php:58)
Stack trace:
#0 /home/admin/nginx/html/yii2/framework/web/CController.php(286): DiaryController->runAction()
#1 /home/admin/nginx/html/yii2/framework/web/CController.php(265): DiaryController->runActionWithFilters()
#2 /home/admin/nginx/html/yii2/framework/web/CWebApplication.php(282): DiaryController->run()
#3 /home/admin/nginx/html/yii2/framework/web/CWebApplication.php(141): CWebApplication->runController()
#4 /home/admin/nginx/html/yii2/framework/base/CApplication.php(180): CWebApplication->processRequest()
#5 /home/admin/nginx/html/yii2/demos/blog/index.php(11): CWebApplication->run()
REQUEST_URI=/diary/modify/diary_id/1
2014/10/28 14:59:54 [error] [php] Undefined index: diary_id (/home/admin/nginx/html/yii2/demos/blog/protected/controllers/DiaryController.php:58)
Stack trace:
#0 /home/admin/nginx/html/yii2/framework/web/CController.php(286): DiaryController->runAction()
#1 /home/admin/nginx/html/yii2/framework/web/CController.php(265): DiaryController->runActionWithFilters()
#2 /home/admin/nginx/html/yii2/framework/web/CWebApplication.php(282): DiaryController->run()
#3 /home/admin/nginx/html/yii2/framework/web/CWebApplication.php(141): CWebApplication->runController()
#4 /home/admin/nginx/html/yii2/framework/base/CApplication.php(180): CWebApplication->processRequest()
#5 /home/admin/nginx/html/yii2/demos/blog/index.php(11): CWebApplication->run()
REQUEST_URI=/diary/modify/diary_id/1
2014/10/28 15:00:56 [error] [php] Undefined variable: boat (/home/admin/nginx/html/yii2/demos/blog/protected/views/diary/modify.php:21)
Stack trace:
#0 /home/admin/nginx/html/yii2/framework/web/CController.php(869): DiaryController->renderFile()
#1 /home/admin/nginx/html/yii2/framework/web/CController.php(782): DiaryController->renderPartial()
#2 /home/admin/nginx/html/yii2/demos/blog/protected/controllers/DiaryController.php(64): DiaryController->render()
#3 /home/admin/nginx/html/yii2/framework/web/actions/CInlineAction.php(49): DiaryController->actionModify()
#4 /home/admin/nginx/html/yii2/framework/web/CController.php(308): CInlineAction->runWithParams()
#5 /home/admin/nginx/html/yii2/framework/web/CController.php(286): DiaryController->runAction()
#6 /home/admin/nginx/html/yii2/framework/web/CController.php(265): DiaryController->runActionWithFilters()
#7 /home/admin/nginx/html/yii2/framework/web/CWebApplication.php(282): DiaryController->run()
#8 /home/admin/nginx/html/yii2/framework/web/CWebApplication.php(141): CWebApplication->runController()
#9 /home/admin/nginx/html/yii2/framework/base/CApplication.php(180): CWebApplication->processRequest()
#10 /home/admin/nginx/html/yii2/demos/blog/index.php(11): CWebApplication->run()
REQUEST_URI=/diary/modify/diary_id/1
2014/10/28 15:04:24 [error] [php] Undefined index: id (/home/admin/nginx/html/yii2/demos/blog/protected/controllers/DiaryController.php:82)
Stack trace:
#0 /home/admin/nginx/html/yii2/framework/web/CController.php(286): DiaryController->runAction()
#1 /home/admin/nginx/html/yii2/framework/web/CController.php(265): DiaryController->runActionWithFilters()
#2 /home/admin/nginx/html/yii2/framework/web/CWebApplication.php(282): DiaryController->run()
#3 /home/admin/nginx/html/yii2/framework/web/CWebApplication.php(141): CWebApplication->runController()
#4 /home/admin/nginx/html/yii2/framework/base/CApplication.php(180): CWebApplication->processRequest()
#5 /home/admin/nginx/html/yii2/demos/blog/index.php(11): CWebApplication->run()
REQUEST_URI=/diary/save_diary
2014/10/28 15:05:31 [error] [exception.CDbException] exception 'CDbException' with message 'No columns are being updated for table "g_port".' in /home/admin/nginx/html/yii2/framework/db/schema/CDbCommandBuilder.php:392
Stack trace:
#0 /home/admin/nginx/html/yii2/framework/db/ar/CActiveRecord.php(1747): CDbCommandBuilder->createUpdateCommand(Object(CMysqlTableSchema), Array, Object(CDbCriteria))
#1 /home/admin/nginx/html/yii2/demos/blog/protected/controllers/DiaryController.php(82): CActiveRecord->updateByPk('4', Array)
#2 /home/admin/nginx/html/yii2/framework/web/actions/CInlineAction.php(49): DiaryController->actionSave_diary()
#3 /home/admin/nginx/html/yii2/framework/web/CController.php(308): CInlineAction->runWithParams(Array)
#4 /home/admin/nginx/html/yii2/framework/web/CController.php(286): CController->runAction(Object(CInlineAction))
#5 /home/admin/nginx/html/yii2/framework/web/CController.php(265): CController->runActionWithFilters(Object(CInlineAction), Array)
#6 /home/admin/nginx/html/yii2/framework/web/CWebApplication.php(282): CController->run('save_diary')
#7 /home/admin/nginx/html/yii2/framework/web/CWebApplication.php(141): CWebApplication->runController('diary/save_diar...')
#8 /home/admin/nginx/html/yii2/framework/base/CApplication.php(180): CWebApplication->processRequest()
#9 /home/admin/nginx/html/yii2/demos/blog/index.php(11): CApplication->run()
#10 {main}
REQUEST_URI=/diary/save_diary
HTTP_REFERER=http://121.199.53.139:8080/diary/modify/diary_id/4
---
